{"C:\\個人開発\\tsumiki\\app\\features\\stock\\usecases\\index.ts": {"path":"C:\\個人開発\\tsumiki\\app\\features\\stock\\usecases\\index.ts","statementMap":{},"fnMap":{},"branchMap":{},"s":{},"f":{},"b":{},"meta":{"lastBranch":0,"lastFunction":0,"lastStatement":0,"seen":{}}}
,"C:\\個人開発\\tsumiki\\app\\features\\stock\\usecases\\stock-usecase.ts": {"path":"C:\\個人開発\\tsumiki\\app\\features\\stock\\usecases\\stock-usecase.ts","statementMap":{"0":{"start":{"line":12,"column":29},"end":{"line":20,"column":null}},"1":{"start":{"line":13,"column":2},"end":{"line":19,"column":null}},"2":{"start":{"line":14,"column":44},"end":{"line":14,"column":null}},"3":{"start":{"line":15,"column":4},"end":{"line":15,"column":null}},"4":{"start":{"line":17,"column":4},"end":{"line":17,"column":null}},"5":{"start":{"line":18,"column":4},"end":{"line":18,"column":null}},"6":{"start":{"line":21,"column":20},"end":{"line":30,"column":null}},"7":{"start":{"line":22,"column":21},"end":{"line":22,"column":null}},"8":{"start":{"line":23,"column":2},"end":{"line":29,"column":null}},"9":{"start":{"line":35,"column":31},"end":{"line":51,"column":null}},"10":{"start":{"line":38,"column":2},"end":{"line":50,"column":null}},"11":{"start":{"line":39,"column":43},"end":{"line":44,"column":null}},"12":{"start":{"line":45,"column":20},"end":{"line":45,"column":null}},"13":{"start":{"line":46,"column":4},"end":{"line":46,"column":null}},"14":{"start":{"line":48,"column":4},"end":{"line":48,"column":null}},"15":{"start":{"line":49,"column":4},"end":{"line":49,"column":null}},"16":{"start":{"line":56,"column":31},"end":{"line":63,"column":null}},"17":{"start":{"line":57,"column":2},"end":{"line":62,"column":null}},"18":{"start":{"line":58,"column":4},"end":{"line":58,"column":null}},"19":{"start":{"line":60,"column":4},"end":{"line":60,"column":null}},"20":{"start":{"line":61,"column":4},"end":{"line":61,"column":null}},"21":{"start":{"line":68,"column":37},"end":{"line":81,"column":null}},"22":{"start":{"line":72,"column":2},"end":{"line":80,"column":null}},"23":{"start":{"line":73,"column":24},"end":{"line":75,"column":null}},"24":{"start":{"line":76,"column":4},"end":{"line":76,"column":null}},"25":{"start":{"line":78,"column":4},"end":{"line":78,"column":null}},"26":{"start":{"line":79,"column":4},"end":{"line":79,"column":null}}},"fnMap":{"0":{"name":"(anonymous_0)","decl":{"start":{"line":12,"column":29},"end":{"line":12,"column":63}},"loc":{"start":{"line":12,"column":63},"end":{"line":20,"column":null}},"line":12},"1":{"name":"(anonymous_1)","decl":{"start":{"line":21,"column":20},"end":{"line":21,"column":21}},"loc":{"start":{"line":21,"column":58},"end":{"line":30,"column":null}},"line":21},"2":{"name":"(anonymous_2)","decl":{"start":{"line":35,"column":31},"end":{"line":35,"column":null}},"loc":{"start":{"line":37,"column":25},"end":{"line":51,"column":null}},"line":37},"3":{"name":"(anonymous_3)","decl":{"start":{"line":56,"column":31},"end":{"line":56,"column":38}},"loc":{"start":{"line":56,"column":68},"end":{"line":63,"column":null}},"line":56},"4":{"name":"(anonymous_4)","decl":{"start":{"line":68,"column":37},"end":{"line":68,"column":null}},"loc":{"start":{"line":71,"column":5},"end":{"line":81,"column":null}},"line":71}},"branchMap":{"0":{"loc":{"start":{"line":22,"column":21},"end":{"line":22,"column":null}},"type":"binary-expr","locations":[{"start":{"line":22,"column":21},"end":{"line":22,"column":57}},{"start":{"line":22,"column":57},"end":{"line":22,"column":null}}],"line":22}},"s":{"0":1,"1":2,"2":2,"3":1,"4":1,"5":1,"6":1,"7":5,"8":5,"9":1,"10":3,"11":3,"12":3,"13":2,"14":1,"15":1,"16":1,"17":1,"18":1,"19":1,"20":1,"21":1,"22":2,"23":2,"24":1,"25":1,"26":1},"f":{"0":2,"1":5,"2":3,"3":1,"4":2},"b":{"0":[5,1]},"meta":{"lastBranch":1,"lastFunction":5,"lastStatement":27,"seen":{"s:12:29:20:Infinity":0,"f:12:29:12:63":0,"s:13:2:19:Infinity":1,"s:14:44:14:Infinity":2,"s:15:4:15:Infinity":3,"s:17:4:17:Infinity":4,"s:18:4:18:Infinity":5,"s:21:20:30:Infinity":6,"f:21:20:21:21":1,"s:22:21:22:Infinity":7,"b:22:21:22:57:22:57:22:Infinity":0,"s:23:2:29:Infinity":8,"s:35:31:51:Infinity":9,"f:35:31:35:Infinity":2,"s:38:2:50:Infinity":10,"s:39:43:44:Infinity":11,"s:45:20:45:Infinity":12,"s:46:4:46:Infinity":13,"s:48:4:48:Infinity":14,"s:49:4:49:Infinity":15,"s:56:31:63:Infinity":16,"f:56:31:56:38":3,"s:57:2:62:Infinity":17,"s:58:4:58:Infinity":18,"s:60:4:60:Infinity":19,"s:61:4:61:Infinity":20,"s:68:37:81:Infinity":21,"f:68:37:68:Infinity":4,"s:72:2:80:Infinity":22,"s:73:24:75:Infinity":23,"s:76:4:76:Infinity":24,"s:78:4:78:Infinity":25,"s:79:4:79:Infinity":26}}}
}
